Rebuild target 'Target 1'
assembling STARTUP_M5.A51...
compiling sys.c...
compiling timer.c...
compiling uart.c...
compiling canbus.c...
compiling main.c...
source\ssd2828.h(76): warning C235: parameter 1: different types
compiling const.c...
compiling ui.c...
compiling dwin8283.c...
compiling ssd2828.c...
source\ssd2828.h(76): warning C235: parameter 1: different types
compiling temp.c...
compiling drawing.c...
.\driver\sys.h(115): warning C317: attempt to redefine macro 'NULL'
source\drawing.c(62): warning C280: 'x0': unreferenced local variable
source\drawing.c(62): warning C280: 'y0': unreferenced local variable
source\drawing.c(62): warning C280: 'x1': unreferenced local variable
source\drawing.c(62): warning C280: 'y1': unreferenced local variable
source\drawing.c(80): warning C280: 'y0': unreferenced local variable
source\drawing.c(80): warning C280: 'x1': unreferenced local variable
source\drawing.c(80): warning C280: 'y1': unreferenced local variable
source\drawing.c(80): warning C280: 'color': unreferenced local variable
source\drawing.c(93): warning C280: 'y0': unreferenced local variable
source\drawing.c(93): warning C280: 'x1': unreferenced local variable
source\drawing.c(93): warning C280: 'y1': unreferenced local variable
source\drawing.c(93): warning C280: 'color': unreferenced local variable
compiling nor_flash.c...
linking...
*** WARNING L13: RECURSIVE CALL TO SEGMENT
    SEGMENT: ?PR?_CUR_PAR_VALUE_CHANGE?TEMP
    CALLER:  ?PR?_BOTTOM_LEVEL_CONTROLS?TEMP

*** WARNING L13: RECURSIVE CALL TO SEGMENT
    SEGMENT: ?PR?MAKE_SCENE?TEMP
    CALLER:  ?PR?_BOTTOM_LEVEL_CONTROLS?TEMP

*** WARNING L16: UNCALLED SEGMENT, IGNORED FOR OVERLAY PROCESS
    SEGMENT: ?PR?RESETT5L?SYS

*** WARNING L16: UNCALLED SEGMENT, IGNORED FOR OVERLAY PROCESS
    SEGMENT: ?PR?_TOUCHSWITCH?SYS

*** WARNING L16: UNCALLED SEGMENT, IGNORED FOR OVERLAY PROCESS
    SEGMENT: ?PR?_MUSICPLAY?SYS

*** WARNING L16: UNCALLED SEGMENT, IGNORED FOR OVERLAY PROCESS
    SEGMENT: ?PR?NORFLASH_ACTION?SYS

*** WARNING L16: UNCALLED SEGMENT, IGNORED FOR OVERLAY PROCESS
    SEGMENT: ?PR?SPIFLASH_ACTION?SYS

*** WARNING L16: UNCALLED SEGMENT, IGNORED FOR OVERLAY PROCESS
    SEGMENT: ?PR?GETPAGEID?SYS

*** WARNING L16: UNCALLED SEGMENT, IGNORED FOR OVERLAY PROCESS
    SEGMENT: ?PR?_PAGE_CHANGE?SYS

*** WARNING L16: UNCALLED SEGMENT, IGNORED FOR OVERLAY PROCESS
    SEGMENT: ?PR?_GETPININ?SYS

*** WARNING L16: UNCALLED SEGMENT, IGNORED FOR OVERLAY PROCESS
    SEGMENT: ?PR?_GETTOUCHANCTION?SYS

*** WARNING L16: UNCALLED SEGMENT, IGNORED FOR OVERLAY PROCESS
    SEGMENT: ?PR?_KILLTIMER?TIMER

*** WARNING L16: UNCALLED SEGMENT, IGNORED FOR OVERLAY PROCESS
    SEGMENT: ?PR?INIT_RTC?TIMER

*** WARNING L16: UNCALLED SEGMENT, IGNORED FOR OVERLAY PROCESS
    SEGMENT: ?PR?_IBCD?TIMER

*** WARNING L16: UNCALLED SEGMENT, IGNORED FOR OVERLAY PROCESS
    SEGMENT: ?PR?CLOCK?TIMER

*** WARNING L16: UNCALLED SEGMENT, IGNORED FOR OVERLAY PROCESS
    SEGMENT: ?PR?CANERRORRESET?CANBUS

*** WARNING L16: UNCALLED SEGMENT, IGNORED FOR OVERLAY PROCESS
    SEGMENT: ?PR?PAGEFUNCTION?UI

*** WARNING L16: UNCALLED SEGMENT, IGNORED FOR OVERLAY PROCESS
    SEGMENT: ?PR?PRO8283INIT?DWIN8283

*** WARNING L16: UNCALLED SEGMENT, IGNORED FOR OVERLAY PROCESS
    SEGMENT: ?PR?PRO8283DEAL?DWIN8283

*** WARNING L16: UNCALLED SEGMENT, IGNORED FOR OVERLAY PROCESS
    SEGMENT: ?PR?SSD2828_READID?SSD2828

*** WARNING L16: UNCALLED SEGMENT, IGNORED FOR OVERLAY PROCESS
    SEGMENT: ?PR?_SSD2828_READREG?SSD2828

*** WARNING L16: UNCALLED SEGMENT, IGNORED FOR OVERLAY PROCESS
    SEGMENT: ?PR?OPEN_ADDITIONAL_SETTINGS?TEMP

*** WARNING L16: UNCALLED SEGMENT, IGNORED FOR OVERLAY PROCESS
    SEGMENT: ?PR?DRAW_CLEAR_SCREEN?DRAWING

*** WARNING L16: UNCALLED SEGMENT, IGNORED FOR OVERLAY PROCESS
    SEGMENT: ?PR?DRAW_LINES_CLEAR?DRAWING

*** WARNING L16: UNCALLED SEGMENT, IGNORED FOR OVERLAY PROCESS
    SEGMENT: ?PR?_DRAW_IMAGE_SET_ID?DRAWING

*** WARNING L16: UNCALLED SEGMENT, IGNORED FOR OVERLAY PROCESS
    SEGMENT: ?PR?_DRAW_IMAGE_SET_POS?DRAWING

*** WARNING L16: UNCALLED SEGMENT, IGNORED FOR OVERLAY PROCESS
    SEGMENT: ?PR?_DRAW_NUMBER?DRAWING

*** WARNING L16: UNCALLED SEGMENT, IGNORED FOR OVERLAY PROCESS
    SEGMENT: ?PR?_DRAW_NUMBER_SET_VALUE?DRAWING

*** WARNING L16: UNCALLED SEGMENT, IGNORED FOR OVERLAY PROCESS
    SEGMENT: ?PR?_DRAW_NUMBER_SET_COLOR?DRAWING

*** WARNING L16: UNCALLED SEGMENT, IGNORED FOR OVERLAY PROCESS
    SEGMENT: ?PR?_DRAW_NUMBER_SET_POS?DRAWING

*** WARNING L16: UNCALLED SEGMENT, IGNORED FOR OVERLAY PROCESS
    SEGMENT: ?PR?_DRAW_NUMBER_GET_COLOR?DRAWING

*** WARNING L16: UNCALLED SEGMENT, IGNORED FOR OVERLAY PROCESS
    SEGMENT: ?PR?_DRAW_TEXT_GET_COLOR?DRAWING

*** WARNING L16: UNCALLED SEGMENT, IGNORED FOR OVERLAY PROCESS
    SEGMENT: ?PR?_DRAW_TEXT_POINT_NUM_TO_TEXT?DRAWING

*** WARNING L15: MULTIPLE CALL TO SEGMENT
    SEGMENT: ?PR?_DELAY_MS?SYS
    CALLER1: ?PR?EXT_INT0?MAIN
    CALLER2: ?PR?EXT_INT1?MAIN

*** WARNING L15: MULTIPLE CALL TO SEGMENT
    SEGMENT: ?PR?_DELAY_MS?SYS
    CALLER1: ?PR?EXT_INT1?MAIN
    CALLER2: ?C_C51STARTUP

Program Size: data=73.2 xdata=17626 code=32204
creating hex file from ".\Objects\T5L51"...
User command #1: 1.bat

c:\Users\OGK5-7\Desktop\dwin new new\dwin>cd objects 

c:\Users\OGK5-7\Desktop\dwin new new\dwin\Objects>srec_cat.exe T5L51.hex -Intel -o T5L51.bin -Binary  
srec_cat: T5L51.hex: 59: warning: data records not in strictly ascending order
    (expected >= 0x7D3F, got 0x731C)

c:\Users\OGK5-7\Desktop\dwin new new\dwin\Objects>echo.

".\Objects\T5L51" - 0 Error(s), 50 Warning(s).
