A51 MACRO ASSEMBLER  STARTUP_M5                                                           12/05/2023 11:01:13 PAGE     1


MACRO ASSEMBLER A51 V8.02b
OBJECT MODULE PLACED IN .\Objects\STARTUP_M5.obj
ASSEMBLER INVOKED BY: D:\DWIN\Keil_v5\C51\BIN\A51.EXE STARTUP_M5.A51 SET(LARGE) DEBUG PRINT(.\Listings\STARTUP_M5.lst) O
                      BJECT(.\Objects\STARTUP_M5.obj) EP

LOC  OBJ            LINE     SOURCE

                       1     
                       2     $nomod51 
                       3     ;------------------------------------------------------------------------------
                       4     ;  This file is part of the C51 Compiler package
                       5     ;  Startup Code for the Capital Micro AS1E5 device
                       6     ;  Copyright (c) 2001-2005 Keil Elektronik GmbH and Keil Software, Inc.
                       7     ;  Version 1.00
                       8     ;
                       9     ;  *** <<< Use Configuration Wizard in Context Menu >>> ***
                      10     ;------------------------------------------------------------------------------
                      11     ;  STARTUP_AS1E5.A51:  This code is executed after processor reset.
                      12     ;
                      13     ;  To translate this file use A51 with the following invocation:
                      14     ;
                      15     ;     A51 STARTUP_CME3000.A51
                      16     ;
                      17     ;  To link the modified STARTUP_CME3000.OBJ file to your application use the following
                      18     ;  Lx51 invocation:
                      19     ;
                      20     ;     Lx51 your object file list, STARTUP_CME3000.OBJ  controls
                      21     ;
                      22     ;------------------------------------------------------------------------------
                      23     
----                  24                     CSEG    AT  0F8H
00F8 FFFF             25                     DB  0FFH,0FFH
00FA 4457494E         26                     DB  'DWINT5'
00FE 5435                    
                      27     
                      28                     EXTRN CODE (?C_START)
                      29     
0100 020000   F       30                     LJMP    ?C_START
                      31     
                      32                     END
                             
A51 MACRO ASSEMBLER  STARTUP_M5                                                           12/05/2023 11:01:13 PAGE     2

SYMBOL TABLE LISTING
------ ----- -------


N A M E             T Y P E  V A L U E   ATTRIBUTES

?C_START . . . . .  C ADDR   -----       EXT


REGISTER BANK(S) USED: 0 


ASSEMBLY COMPLETE.  0 WARNING(S), 0 ERROR(S)
